mss in binary >>> xwr14xx_spi_mss.xer4f

**************************************************
Copying slave testcase files from the Build server
**************************************************getRemotePathToBinary: binary_name parameter = xwr16xx_spi_mss.xer4f
getRemotePathToBinary: remote_path parameter = http://gtjenkins.itg.ti.com/nightly_builds/mmwave_sdk/675-2018-03-05_16-05-45/artifacts/test/mmwave_sdk/packages/ti/drivers/spi/test/xwr16xx
getRemotePathToBinary: remote path = http://gtjenkins.itg.ti.com/nightly_builds/mmwave_sdk/675-2018-03-05_16-05-45/artifacts/test/mmwave_sdk/packages/ti/drivers/spi/test/xwr16xx

copy_testcase_binary:
TCP: http://gtjenkins.itg.ti.com/nightly_builds/mmwave_sdk/675-2018-03-05_16-05-45/artifacts/test/mmwave_sdk/packages/ti/drivers/spi/test/xwr16xx to /home/a0216598/ti/mcpi_tf/mcpi_testframework_1_12_00_01/test/temp/mmWave_SDK___awr16xx_sdk01.02.00_Test_Plan___jenkins-675_2018_03_05_17_08_24

amk: error logging: testcasepath = http://gtjenkins.itg.ti.com/nightly_builds/mmwave_sdk/675-2018-03-05_16-05-45/artifacts/test/mmwave_sdk/packages/ti/drivers/spi/test/xwr16xx
amk: error logging: localfolder = /home/a0216598/ti/mcpi_tf/mcpi_testframework_1_12_00_01/test/temp/mmWave_SDK___awr16xx_sdk01.02.00_Test_Plan___jenkins-675_2018_03_05_17_08_24
amk: error logging: binaryfile = xwr16xx_spi_mss.xer4f

Copying testcase binary file from http://gtjenkins.itg.ti.com/nightly_builds/mmwave_sdk/675-2018-03-05_16-05-45/artifacts/test/mmwave_sdk/packages/ti/drivers/spi/test/xwr16xx/xwr16xx_spi_mss.xer4f to /home/a0216598/ti/mcpi_tf/mcpi_testframework_1_12_00_01/test/temp/mmWave_SDK___awr16xx_sdk01.02.00_Test_Plan___jenkins-675_2018_03_05_17_08_24 using command: 
wget -e robots=off --no-proxy -N -T 30 -t 2 -P /home/a0216598/ti/mcpi_tf/mcpi_testframework_1_12_00_01/test/temp/mmWave_SDK___awr16xx_sdk01.02.00_Test_Plan___jenkins-675_2018_03_05_17_08_24 http://gtjenkins.itg.ti.com/nightly_builds/mmwave_sdk/675-2018-03-05_16-05-45/artifacts/test/mmwave_sdk/packages/ti/drivers/spi/test/xwr16xx/xwr16xx_spi_mss.xer4f: Copied testcase binary tc_binary_path = http://gtjenkins.itg.ti.com/nightly_builds/mmwave_sdk/675-2018-03-05_16-05-45/artifacts/test/mmwave_sdk/packages/ti/drivers/spi/test/xwr16xx/xwr16xx_spi_mss.xer4f
DT> port_no = 55719
amk: calling test_bench_setup...

amk: test_bench_setup:: ARGS['BenchFile'] (bench file) is: /home/a0216598/ti/mcpi_tf/mcpi_testframework_1_12_00_01/config/bench_MCPI_TEE2_Bk-2-Bk.py
amk: test_bench_setup:: dss is: <common.equipment.equipment_info.EquipmentInfo object at 0x7fac31157a90>
amk: test_bench_setup:: dss attributes are: {'init_info': {'ccxml_path': '/home/a0216598/ti/mcpi_tf/mcpi_testframework_1_12_00_01/config/ir14xx_and_ir16xx.ccxml'}, 'name': 'DSS', 'build_id': 0, 'params': None, 'driver_class_name': 'DSSTargetConnection', 'peers': set()}
amk: test_bench_setup:: dss_info is: {'ccxml_path': '/home/a0216598/ti/mcpi_tf/mcpi_testframework_1_12_00_01/config/ir14xx_and_ir16xx.ccxml'}
***********************************************
This is Pre-script for 2 platform test.

 - power OFF All outlets.

 - power ON DUT1.

 - power ON DUT2.

then both DUT1 and DUT2 are ready to use.

***********************************************

**************************************************
Telnet to APC to power OFF ALL outlets
**************************************************
Open a telnet session connect to APC ...
Telnet connection to APC opened
Start power off all outlets, please wait for complete ... 
ver = 1

Turn off ALL outlets
power off all outlets completed
Telnet session to APC closed

**************************************************
Telnet to APC to power ON DUT1
**************************************************
Open a telnet session connect to APC ...
Telnet connection to APC opened
please wait for complete ... 
DUT1 ON
DUT1 power ON completed.
Telnet session to APC closed

**************************************************
Telnet to APC to power ON DUT2
**************************************************
Open a telnet session connect to APC ...
Telnet connection to APC opened
please wait for complete ... 
DUT2 ON
Turn 16 NRESET ON

Turn 16 NRESET OFF

Turn 14 NRESET ON

Turn 14 NRESET OFF

DUT2 power ON completed.
Telnet session to APC closed
Pre-Script returned: Success

**************************************************
Testcase mods & parameters invoked:
**************************************************
Noneamk: back to back test toString() not written yet


**************************************************
Copying test case files from the Build server
**************************************************
amk: ARGS['TestcasePath']: http://gtjenkins.itg.ti.com/nightly_builds/mmwave_sdk/675-2018-03-05_16-05-45/artifacts/test/mmwave_sdk/packages/ti/drivers/spi/test/xwr16xx
amk: ARGS['temp_path']: /home/a0216598/ti/mcpi_tf/mcpi_testframework_1_12_00_01/test/temp/mmWave_SDK___awr16xx_sdk01.02.00_Test_Plan___jenkins-675_2018_03_05_17_08_24
amk: ARGS['Binary']: xwr14xx_spi_mss.xer4f

amk: ARGS['TestcasePath']: http://gtjenkins.itg.ti.com/nightly_builds/mmwave_sdk/675-2018-03-05_16-05-45/artifacts/test/mmwave_sdk/packages/ti/drivers/spi/test/xwr16xx


amk: remote testcase data path: http://gtjenkins.itg.ti.com/nightly_builds/mmwave_sdk/675-2018-03-05_16-05-45/artifacts/test/mmwave_sdk/packages/ti/drivers/spi/test/testdata


A testdata directory was not found on build server for this testcase

getRemotePathToBinary: binary_name parameter = xwr14xx_spi_mss.xer4f
getRemotePathToBinary: remote_path parameter = http://gtjenkins.itg.ti.com/nightly_builds/mmwave_sdk/675-2018-03-05_16-05-45/artifacts/test/mmwave_sdk/packages/ti/drivers/spi/test/xwr16xx
getRemotePathToBinary: remote path = http://gtjenkins.itg.ti.com/nightly_builds/mmwave_sdk/675-2018-03-05_16-05-45/artifacts/test/mmwave_sdk/packages/ti/drivers/spi/test/xwr14xx

copy_testcase_binary:
TCP: http://gtjenkins.itg.ti.com/nightly_builds/mmwave_sdk/675-2018-03-05_16-05-45/artifacts/test/mmwave_sdk/packages/ti/drivers/spi/test/xwr14xx to /home/a0216598/ti/mcpi_tf/mcpi_testframework_1_12_00_01/test/temp/mmWave_SDK___awr16xx_sdk01.02.00_Test_Plan___jenkins-675_2018_03_05_17_08_24

amk: error logging: testcasepath = http://gtjenkins.itg.ti.com/nightly_builds/mmwave_sdk/675-2018-03-05_16-05-45/artifacts/test/mmwave_sdk/packages/ti/drivers/spi/test/xwr14xx
amk: error logging: localfolder = /home/a0216598/ti/mcpi_tf/mcpi_testframework_1_12_00_01/test/temp/mmWave_SDK___awr16xx_sdk01.02.00_Test_Plan___jenkins-675_2018_03_05_17_08_24
amk: error logging: binaryfile = xwr14xx_spi_mss.xer4f

Copying testcase binary file from http://gtjenkins.itg.ti.com/nightly_builds/mmwave_sdk/675-2018-03-05_16-05-45/artifacts/test/mmwave_sdk/packages/ti/drivers/spi/test/xwr14xx/xwr14xx_spi_mss.xer4f to /home/a0216598/ti/mcpi_tf/mcpi_testframework_1_12_00_01/test/temp/mmWave_SDK___awr16xx_sdk01.02.00_Test_Plan___jenkins-675_2018_03_05_17_08_24 using command: 
wget -e robots=off --no-proxy -N -T 30 -t 2 -P /home/a0216598/ti/mcpi_tf/mcpi_testframework_1_12_00_01/test/temp/mmWave_SDK___awr16xx_sdk01.02.00_Test_Plan___jenkins-675_2018_03_05_17_08_24 http://gtjenkins.itg.ti.com/nightly_builds/mmwave_sdk/675-2018-03-05_16-05-45/artifacts/test/mmwave_sdk/packages/ti/drivers/spi/test/xwr14xx/xwr14xx_spi_mss.xer4f: Copied testcase binary tc_binary_path = http://gtjenkins.itg.ti.com/nightly_builds/mmwave_sdk/675-2018-03-05_16-05-45/artifacts/test/mmwave_sdk/packages/ti/drivers/spi/test/xwr14xx/xwr14xx_spi_mss.xer4f
amk: tc_binary_path = /home/a0216598/ti/mcpi_tf/mcpi_testframework_1_12_00_01/test/temp/mmWave_SDK___awr16xx_sdk01.02.00_Test_Plan___jenkins-675_2018_03_05_17_08_24/xwr14xx_spi_mss.xer4f

**************************************************
Executing Testcase:/home/a0216598/ti/mcpi_tf/mcpi_testframework_1_12_00_01/test/temp/mmWave_SDK___awr16xx_sdk01.02.00_Test_Plan___jenkins-675_2018_03_05_17_08_24/xwr14xx_spi_mss.xer4f
**************************************************
amk: None
Checking if Py4J Gateway server has started...
Py4J Gateway Server is Started
Two-core test check: dss_execute_obj.two_core_test: False


Targets seen by debug server: 

    Texas Instruments XDS110 USB Debug Probe_0/CS_DAP_0
    Texas Instruments XDS110 USB Debug Probe_0/Master_R4
    Texas Instruments XDS110 USB Debug Probe_1/DEBUGSSM_0
    Texas Instruments XDS110 USB Debug Probe_1/IcePick_M_0
    Texas Instruments XDS110 USB Debug Probe_1/C674X_0
    Texas Instruments XDS110 USB Debug Probe_1/CS_DAP_0
    Texas Instruments XDS110 USB Debug Probe_1/CortexR4_0
    Texas Instruments XDS110 USB Debug Probe_1/CSETB_0
Slave core binary: xwr16xx_spi_mss.xer4f
Slave probe board: Texas Instruments XDS110 USB Debug Probe_1
Slave core ccs name: CortexR4_0
Slave core now opening debug session


DT debug: ciologfile = /home/a0216598/ti/mcpi_tf/mcpi_testframework_1_12_00_01/test/temp/mmWave_SDK___awr16xx_sdk01.02.00_Test_Plan___jenkins-675_2018_03_05_17_08_24/xwr14xx_spi_mss_cio.log

amk: Loading slave core binary:/home/a0216598/ti/mcpi_tf/mcpi_testframework_1_12_00_01/test/temp/mmWave_SDK___awr16xx_sdk01.02.00_Test_Plan___jenkins-675_2018_03_05_17_08_24/xwr16xx_spi_mss.xer4f
amk: Updating slave binary parameters:/home/a0216598/ti/mcpi_tf/mcpi_testframework_1_12_00_01/test/temp/mmWave_SDK___awr16xx_sdk01.02.00_Test_Plan___jenkins-675_2018_03_05_17_08_24/xwr16xx_spi_mss.xer4f

**************************************************
 Parameters found in the Binary arguments : 
{'gXWR1xxxMasterWithXWR1xxx(8)': '0', 'gXWR1xxxSlaveWithFTDITest(8)': '0', 'gXWR1xxxLoopbackTest(8)': '0', 'gXWR1xxxSlaveWithXWR1xxx(8)': '1'}
**************************************************
Reading address of symbol: gXWR1xxxMasterWithXWR1xxx
Address of symbol obtained: 0x800ffbc
Write value 0 to address 0x800ffbc 
Value updated successfully
Reading address of symbol: gXWR1xxxSlaveWithFTDITest
Address of symbol obtained: 0x800ffbb
Write value 0 to address 0x800ffbb 
Value updated successfully
Reading address of symbol: gXWR1xxxLoopbackTest
Address of symbol obtained: 0x800ffb8
Write value 0 to address 0x800ffb8 
Value updated successfully
Reading address of symbol: gXWR1xxxSlaveWithXWR1xxx
Address of symbol obtained: 0x800ffbd
Write value 1 to address 0x800ffbd 
Value updated successfully
Master core now opening debug session.


this is after a bit of logic in order to load the Master.

dt: cpuBinary = xwr14xx_spi_mss.xer4f

dt: boardName = Texas Instruments XDS110 USB Debug Probe_0

Loading binary to the DUT:/home/a0216598/ti/mcpi_tf/mcpi_testframework_1_12_00_01/test/temp/mmWave_SDK___awr16xx_sdk01.02.00_Test_Plan___jenkins-675_2018_03_05_17_08_24/xwr14xx_spi_mss.xer4f
amk: Updating master binary parameters:/home/a0216598/ti/mcpi_tf/mcpi_testframework_1_12_00_01/test/temp/mmWave_SDK___awr16xx_sdk01.02.00_Test_Plan___jenkins-675_2018_03_05_17_08_24/xwr14xx_spi_mss.xer4f

**************************************************
 Parameters found in the Binary arguments : 
{'gXWR1xxxMasterWithXWR1xxx(8)': '1', 'gXWR1xxxSlaveWithFTDITest(8)': '0', 'gXWR1xxxLoopbackTest(8)': '0', 'gXWR1xxxSlaveWithXWR1xxx(8)': '0'}
**************************************************
Reading address of symbol: gXWR1xxxMasterWithXWR1xxx
Address of symbol obtained: 0x800af44
Write value 1 to address 0x800af44 
Value updated successfully
Reading address of symbol: gXWR1xxxSlaveWithFTDITest
Address of symbol obtained: 0x800af43
Write value 0 to address 0x800af43 
Value updated successfully
Reading address of symbol: gXWR1xxxLoopbackTest
Address of symbol obtained: 0x800af40
Write value 0 to address 0x800af40 
Value updated successfully
Reading address of symbol: gXWR1xxxSlaveWithXWR1xxx
Address of symbol obtained: 0x800af45
Write value 0 to address 0x800af45 
Value updated successfully
binary path = /home/a0216598/ti/mcpi_tf/mcpi_testframework_1_12_00_01/test/temp/mmWave_SDK___awr16xx_sdk01.02.00_Test_Plan___jenkins-675_2018_03_05_17_08_24/xwr14xx_spi_mss.xer4f

    gXWR1xxxSlaveReady: 1

**************************************************
CIO Log captured for the testcase
**************************************************
******************************************
Debug: MibSPI Driver Test Application Start 
******************************************
Feature: SPI_open API test (instance=0): Passed
Debug: SPI Instance @0800fe50 has been opened successfully
Debug: SPI Instance @0800fe50 has been closed successfully
Debug: Passed DMA channel number check
Feature: SPI_open API test - DMA channel validation (instance=0): Passed
Feature: SPI_open API test - chip select validation (instance=0): Passed
Feature: SPI_open API test - data size validation (instance=0): Passed
Feature: SPI_open API test - bit rate validation (instance=0): Passed
Debug: Open the SPI Instance for SPI transfer parameter check test
Debug: SPI_transfer with data size = 1 failed with error=6.
Feature: SPI_transfer API test - data size=1 validation (instance=0): Passed
Debug: SPI_transfer with data size = 11 failed with error=6. 
Feature: SPI_transfer API test - data size=11 validation (instance=0): Passed
Debug: SPI_transfer failed with NULL pointers for both TX and RX. 
Feature: SPI_transfer API test - buffer address validation (instance=0): Passed
Debug: SPI Instance @0800fe50 has been closed successfully
Debug: Finished API Test for SPIA!
Feature: SPI_open API test (instance=1): Passed
Debug: SPI Instance @0800fe5c has been opened successfully
Debug: SPI Instance @0800fe5c has been closed successfully
Debug: Passed DMA channel number check
Feature: SPI_open API test - DMA channel validation (instance=1): Passed
Feature: SPI_open API test - chip select validation (instance=1): Passed
Feature: SPI_open API test - data size validation (instance=1): Passed
Feature: SPI_open API test - bit rate validation (instance=1): Passed
Debug: Open the SPI Instance for SPI transfer parameter check test
Debug: SPI_transfer with data size = 1 failed with error=6.
Feature: SPI_transfer API test - data size=1 validation (instance=1): Passed
Debug: SPI_transfer with data size = 11 failed with error=6. 
Feature: SPI_transfer API test - data size=11 validation (instance=1): Passed
Debug: SPI_transfer failed with NULL pointers for both TX and RX. 
Feature: SPI_transfer API test - buffer address validation (instance=1): Passed
Debug: SPI Instance @0800fe5c has been closed successfully
Debug: Finished API Test for SPIB!
Debug: SPI Instance(0) @0800fe50 has been opened successfully
Debug: SPI Instance(1) @0800fe5c has been opened successfully
Feature: SPI_open API test for two instances: Passed
Debug: SPI Instance(0) @0800fe50 has been closed successfully
Debug: SPI Instance(1) @0800fe5c has been closed successfully
Debug: SPI Instance(0) @0800fe50 has been opened successfully
Debug: passed DMA channel number check for two SPI instances.
Feature: SPI_open API test for two instances: DMA channel validation: Passed
Debug: SPI Instance @0800fe50 has been closed successfully
Debug: Finished API Test for SPIA + SPIB!
Debug: SPI Instance @0800fe50 has been reopened in SLAVE mode successfully
Feature: SPI 4Pin mode Slave test at bitRate 1000 Kbps : Passed
Debug: SPI Instance @0800fe50 has been reopened in SLAVE mode successfully
Feature: SPI 4Pin mode Slave test at bitRate 2000 Kbps : Passed
Debug: SPI Instance @0800fe50 has been reopened in SLAVE mode successfully
Feature: SPI 4Pin mode Slave test at bitRate 6000 Kbps : Passed
Debug: SPI Instance @0800fe50 has been reopened in SLAVE mode successfully
Feature: SPI 4Pin mode Slave test at bitRate 10000 Kbps : Passed
Debug: SPI Instance @0800fe50 has been reopened in SLAVE mode successfully
Feature: SPI 4Pin mode Slave test at bitRate 20000 Kbps : Passed
Debug: SPI Instance @0800fe50 has been reopened in SLAVE mode successfully
Feature: SPI 4Pin mode Slave test at bitRate 40000 Kbps : Passed
Debug: SPI Instance @0800fe50 has been reopened in MASTER mode successfully
Master: Start SPI Write test with XWR1xxx
Master write Throughput = 0.9534 Mbps
Master: Start SPI Read test with XWR1xxx
Debug: Master read Throughput = 0.9536 Mbps
Master: Start SPI Data echo test with XWR1xxx
Master: recv msg: magic=3456, dataLen=16, seq=1
Master: Synced with Slave, start data echo test
Feature: SPI 4Pin mode Master test at bitRate 1000 Kbps : Passed
Debug: 4pin mode 1MHz passed!
Debug: SPI Instance @0800fe50 has been reopened in MASTER mode successfully
Master: Start SPI Write test with XWR1xxx
Master write Throughput = 1.8207 Mbps
Master: Start SPI Read test with XWR1xxx
Debug: Master read Throughput = 1.8207 Mbps
Master: Start SPI Data echo test with XWR1xxx
Master: recv msg: magic=3456, dataLen=16, seq=1
Master: Synced with Slave, start data echo test
Feature: SPI 4Pin mode Master test at bitRate 2000 Kbps : Passed
Debug: 4pin mode 2MHz passed!
Debug: SPI Instance @0800fe50 has been reopened in MASTER mode successfully
Master: Start SPI Write test with XWR1xxx
Master write Throughput = 4.6646 Mbps
Master: Start SPI Read test with XWR1xxx
Debug: Master read Throughput = 4.6644 Mbps
Master: Start SPI Data echo test with XWR1xxx
Master: recv msg: magic=3456, dataLen=16, seq=1
Master: Synced with Slave, start data echo test
Feature: SPI 4Pin mode Master test at bitRate 6000 Kbps : Passed
Debug: 4pin mode 6MHz passed!
Debug: SPI Instance @0800fe50 has been reopened in MASTER mode successfully
Master: Start SPI Write test with XWR1xxx
Master write Throughput = 6.6917 Mbps
Master: Start SPI Read test with XWR1xxx
Debug: Master read Throughput = 6.6932 Mbps
Master: Start SPI Data echo test with XWR1xxx
Master: recv msg: magic=3456, dataLen=16, seq=1
Master: Synced with Slave, start data echo test
Feature: SPI 4Pin mode Master test at bitRate 10000 Kbps : Passed
Debug: 4pin mode 10MHz passed!
Debug: SPI Instance @0800fe50 has been reopened in MASTER mode successfully
Master: Start SPI Write test with XWR1xxx
Master write Throughput = 10.0568 Mbps
Master: Start SPI Read test with XWR1xxx
Debug: Master read Throughput = 10.0563 Mbps
Master: Start SPI Data echo test with XWR1xxx
Master: recv msg: magic=3456, dataLen=16, seq=1
Master: Synced with Slave, start data echo test
Feature: SPI 4Pin mode Master test at bitRate 20000 Kbps : Passed
Debug: 4pin mode 20MHz passed!
Debug: SPI Instance @0800fe50 has been reopened in MASTER mode successfully
Master: Start SPI Write test with XWR1xxx
Master write Throughput = 13.4235 Mbps
Master: Start SPI Read test with XWR1xxx
Debug: Master read Throughput = 13.4262 Mbps
Master: Start SPI Data echo test with XWR1xxx
Master: recv msg: magic=3456, dataLen=16, seq=1
Master: Synced with Slave, start data echo test
Feature: SPI 4Pin mode Master test at bitRate 40000 Kbps : Passed
Debug: 4pin mode 40MHz passed!
Debug: 4pin mode passed!
Debug: SPI Instance @0800fe50 has been reopened in SLAVE mode successfully
Feature: SPI 3Pin mode Slave test at bitRate 1000 Kbps : Passed
Debug: SPI Instance @0800fe50 has been reopened in SLAVE mode successfully
Feature: SPI 3Pin mode Slave test at bitRate 2000 Kbps : Passed
Debug: SPI Instance @0800fe50 has been reopened in SLAVE mode successfully
Feature: SPI 3Pin mode Slave test at bitRate 6000 Kbps : Passed
Debug: SPI Instance @0800fe50 has been reopened in SLAVE mode successfully
Feature: SPI 3Pin mode Slave test at bitRate 10000 Kbps : Passed
Debug: SPI Instance @0800fe50 has been reopened in SLAVE mode successfully
Feature: SPI 3Pin mode Slave test at bitRate 20000 Kbps : Passed
Debug: SPI Instance @0800fe50 has been reopened in MASTER mode successfully
Master: Start SPI Write test with XWR1xxx
Master write Throughput = 0.9716 Mbps
Master: Start SPI Read test with XWR1xxx
Debug: Master read Throughput = 0.9718 Mbps
Master: Start SPI Data echo test with XWR1xxx
Master: recv msg: magic=3456, dataLen=16, seq=1
Master: Synced with Slave, start data echo test
Feature: SPI 3Pin mode Master test at bitRate 1000 Kbps : Passed
Debug: 3pin mode 1MHz passed!
Debug: SPI Instance @0800fe50 has been reopened in MASTER mode successfully
Master: Start SPI Write test with XWR1xxx
Master write Throughput = 1.8887 Mbps
Master: Start SPI Read test with XWR1xxx
Debug: Master read Throughput = 1.8890 Mbps
Master: Start SPI Data echo test with XWR1xxx
Master: recv msg: magic=3456, dataLen=16, seq=1
Master: Synced with Slave, start data echo test
Feature: SPI 3Pin mode Master test at bitRate 2000 Kbps : Passed
Debug: 3pin mode 2MHz passed!
Debug: SPI Instance @0800fe50 has been reopened in MASTER mode successfully
Master: Start SPI Write test with XWR1xxx
Master write Throughput = 5.1348 Mbps
Master: Start SPI Read test with XWR1xxx
Debug: Master read Throughput = 5.1341 Mbps
Master: Start SPI Data echo test with XWR1xxx
Master: recv msg: magic=3456, dataLen=16, seq=1
Master: Synced with Slave, start data echo test
Feature: SPI 3Pin mode Master test at bitRate 6000 Kbps : Passed
Debug: 3pin mode 6MHz passed!
Debug: SPI Instance @0800fe50 has been reopened in MASTER mode successfully
Master: Start SPI Write test with XWR1xxx
Master write Throughput = 7.7053 Mbps
Master: Start SPI Read test with XWR1xxx
Debug: Master read Throughput = 7.7069 Mbps
Master: Start SPI Data echo test with XWR1xxx
Master: recv msg: magic=3456, dataLen=16, seq=1
Master: Synced with Slave, start data echo test
Feature: SPI 3Pin mode Master test at bitRate 10000 Kbps : Passed
Debug: 3pin mode 10MHz passed!
Debug: SPI Instance @0800fe50 has been reopened in MASTER mode successfully
Master: Start SPI Write test with XWR1xxx
Master write Throughput = 12.5367 Mbps
Master: Start SPI Read test with XWR1xxx
Debug: Master read Throughput = 12.5399 Mbps
Master: Start SPI Data echo test with XWR1xxx
Master: recv msg: magic=3456, dataLen=16, seq=1
Master: Synced with Slave, start data echo test
Feature: SPI 3Pin mode Master test at bitRate 20000 Kbps : Passed
Debug: 3pin mode 20MHz passed!
Debug: 3pin mode passed!
Debug: SPI Test is done!
Value read from Global variable (MCPI_Result): 0
Test Failure Signature: 0
Test Log Messages: 
Feature tested: SPI_open API test (instance=0): Passed
Feature tested: SPI_open API test - DMA channel validation (instance=0): Passed
Feature tested: SPI_open API test - chip select validation (instance=0): Passed
Feature tested: SPI_open API test - data size validation (instance=0): Passed
Feature tested: SPI_open API test - bit rate validation (instance=0): Passed
Feature tested: SPI_transfer API test - data size=1 validation (instance=0): Passed
Feature tested: SPI_transfer API test - data size=11 validation (instance=0): Passed
Feature tested: SPI_transfer API test - buffer address validation (instance=0): Passed
Feature tested: SPI 4Pin mode Master test at bitRate 1000 Kbps : Passed
Feature tested: SPI 4Pin mode Master test at bitRate 2000 Kbps : Passed
Feature tested: SPI 4Pin mode Master test at bitRate 6000 Kbps : Passed
Feature tested: SPI 4Pin mode Master test at bitRate 10000 Kbps : Passed
Feature tested: SPI 4Pin mode Master test at bitRate 20000 Kbps : Passed
Feature tested: SPI 4Pin mode Master test at bitRate 40000 Kbps : Passed
Feature tested: SPI 4Pin mode Slave test at bitRate 1000 Kbps : Passed
Feature tested: SPI 4Pin mode Slave test at bitRate 2000 Kbps : Passed
Feature tested: SPI 4Pin mode Slave test at bitRate 6000 Kbps : Passed
Feature tested: SPI 4Pin mode Slave test at bitRate 10000 Kbps : Passed
Feature tested: SPI 4Pin mode Slave test at bitRate 20000 Kbps : Passed
Feature tested: SPI 4Pin mode Slave test at bitRate 40000 Kbps : Passed
Feature tested: SPI 3Pin mode Master test at bitRate 1000 Kbps : Passed
Feature tested: SPI 3Pin mode Master test at bitRate 2000 Kbps : Passed
Feature tested: SPI 3Pin mode Master test at bitRate 6000 Kbps : Passed
Feature tested: SPI 3Pin mode Master test at bitRate 10000 Kbps : Passed
Feature tested: SPI 3Pin mode Master test at bitRate 20000 Kbps : Passed
Feature tested: SPI 3Pin mode Slave test at bitRate 1000 Kbps : Passed
Feature tested: SPI 3Pin mode Slave test at bitRate 2000 Kbps : Passed
Feature tested: SPI 3Pin mode Slave test at bitRate 6000 Kbps : Passed
Feature tested: SPI 3Pin mode Slave test at bitRate 10000 Kbps : Passed
Feature tested: SPI 3Pin mode Slave test at bitRate 20000 Kbps : Passed


shutting down py4j gw server.


**************************************************
Terminating the debug session and Shutting down gateway.
**************************************************

**************************************************
Test case execution completed
**************************************************

**************************************************
Testcase Result : PASS
**************************************************
