***********************************************
This is Pre-script for general test or Post-script for FLASH
 - power OFF All outlets.
 - power ON DUT.
then DUT is ready to use.
***********************************************

**************************************************
Telnet to APC to power OFF ALL outlets
**************************************************
Open a telnet session connect to APC ...
Telnet connection to APC opened
Start power off all outlets, please wait for complete ... 
ver = 1

Turn off ALL outlets
power off all outlets completed
Telnet session to APC closed

**************************************************
Telnet to APC to power ON DUT
**************************************************
Open a telnet session connect to APC ...
Telnet connection to APC opened
please wait for complete ... 
DUT ON
Turn NRESET ON

Turn NRESET OFF

DUT power ON completed.
Telnet session to APC closed
Pre-Script returned: Success

**************************************************
Testcase mods & parameters invoked:
**************************************************
TwoCoreTest:: slave_case: True, binary_file is xwr16xx_watchdog_dss.xe674, local path is /home/a0216598/ti/mcpi_tf/mcpi_testframework_1_12_00_01/test/temp/mmWave_SDK___awr16xx_sdk01.02.00_Test_Plan___jenkins-675_2018_03_05_17_08_24, remote path is http://gtjenkins.itg.ti.com/nightly_builds/mmwave_sdk/675-2018-03-05_16-05-45/artifacts/test/mmwave_sdk/packages/ti/drivers/watchdog/test/xwr16xx, binary_params is testSelection(32)=2;

**************************************************
Copying test case files from the Build server
**************************************************
amk: ARGS['TestcasePath']: http://gtjenkins.itg.ti.com/nightly_builds/mmwave_sdk/675-2018-03-05_16-05-45/artifacts/test/mmwave_sdk/packages/ti/drivers/watchdog/test/xwr16xx

amk: remote_datapath: http://gtjenkins.itg.ti.com/nightly_builds/mmwave_sdk/675-2018-03-05_16-05-45/artifacts/test/mmwave_sdk/packages/ti/drivers/watchdog/test/testdata

A testdata directory was not found on build server for this testcase


amk: error logging: testcasepath = http://gtjenkins.itg.ti.com/nightly_builds/mmwave_sdk/675-2018-03-05_16-05-45/artifacts/test/mmwave_sdk/packages/ti/drivers/watchdog/test/xwr16xx
amk: error logging: binaryfile = xwr16xx_watchdog_mss.xer4f
Copying testcase binary file from http://gtjenkins.itg.ti.com/nightly_builds/mmwave_sdk/675-2018-03-05_16-05-45/artifacts/test/mmwave_sdk/packages/ti/drivers/watchdog/test/xwr16xx/xwr16xx_watchdog_mss.xer4f to /home/a0216598/ti/mcpi_tf/mcpi_testframework_1_12_00_01/test/temp/mmWave_SDK___awr16xx_sdk01.02.00_Test_Plan___jenkins-675_2018_03_05_17_08_24 using command: 
wget -e robots=off --no-proxy -N -T 30 -t 2 -P /home/a0216598/ti/mcpi_tf/mcpi_testframework_1_12_00_01/test/temp/mmWave_SDK___awr16xx_sdk01.02.00_Test_Plan___jenkins-675_2018_03_05_17_08_24 http://gtjenkins.itg.ti.com/nightly_builds/mmwave_sdk/675-2018-03-05_16-05-45/artifacts/test/mmwave_sdk/packages/ti/drivers/watchdog/test/xwr16xx/xwr16xx_watchdog_mss.xer4f
**************************************************
Executing Testcase:/home/a0216598/ti/mcpi_tf/mcpi_testframework_1_12_00_01/test/temp/mmWave_SDK___awr16xx_sdk01.02.00_Test_Plan___jenkins-675_2018_03_05_17_08_24/xwr16xx_watchdog_mss.xer4f
**************************************************
amk: TwoCoreTest:: slave_case: True, binary_file is xwr16xx_watchdog_dss.xe674, local path is /home/a0216598/ti/mcpi_tf/mcpi_testframework_1_12_00_01/test/temp/mmWave_SDK___awr16xx_sdk01.02.00_Test_Plan___jenkins-675_2018_03_05_17_08_24, remote path is http://gtjenkins.itg.ti.com/nightly_builds/mmwave_sdk/675-2018-03-05_16-05-45/artifacts/test/mmwave_sdk/packages/ti/drivers/watchdog/test/xwr16xx, binary_params is testSelection(32)=2;

Checking if Py4J Gateway server has started...
Py4J Gateway Server is Started
Two-core test check: dss_execute_obj.two_core_test: True


amk: a path in detected cpuList is: Texas Instruments XDS110 USB Debug Probe_1/DEBUGSSM_0
amk: a path in detected cpuList is: Texas Instruments XDS110 USB Debug Probe_1/IcePick_M_0
amk: a path in detected cpuList is: Texas Instruments XDS110 USB Debug Probe_1/C674X_0
Slave core now opening debug session.

amk: Loading slave core binary:/home/a0216598/ti/mcpi_tf/mcpi_testframework_1_12_00_01/test/temp/mmWave_SDK___awr16xx_sdk01.02.00_Test_Plan___jenkins-675_2018_03_05_17_08_24/xwr16xx_watchdog_dss.xe674
amk: Updating slave binary parameters:/home/a0216598/ti/mcpi_tf/mcpi_testframework_1_12_00_01/test/temp/mmWave_SDK___awr16xx_sdk01.02.00_Test_Plan___jenkins-675_2018_03_05_17_08_24/xwr16xx_watchdog_dss.xe674

**************************************************
 Parameters found in the Binary arguments : 
{'testSelection(32)': '2'}
**************************************************
Reading address of symbol: testSelection
Address of symbol obtained: 0x80f270
Write value 2 to address 0x80f270 
Value updated successfully
amk: a path in detected cpuList is Texas Instruments XDS110 USB Debug Probe_1/DEBUGSSM_0
amk: a path in detected cpuList is Texas Instruments XDS110 USB Debug Probe_1/IcePick_M_0
amk: a path in detected cpuList is Texas Instruments XDS110 USB Debug Probe_1/C674X_0
amk: a path in detected cpuList is Texas Instruments XDS110 USB Debug Probe_1/CS_DAP_0
amk: a path in detected cpuList is Texas Instruments XDS110 USB Debug Probe_1/CortexR4_0
Master core now opening debug session.

Loading binary to the DUT:/home/a0216598/ti/mcpi_tf/mcpi_testframework_1_12_00_01/test/temp/mmWave_SDK___awr16xx_sdk01.02.00_Test_Plan___jenkins-675_2018_03_05_17_08_24/xwr16xx_watchdog_mss.xer4f

**************************************************
 Parameters found in the Binary arguments : 
{'testSelection(32)': '2'}
**************************************************
Reading address of symbol: testSelection
Address of symbol obtained: 0x80075e4
Write value 2 to address 0x80075e4 
Value updated successfully
binary path = /home/a0216598/ti/mcpi_tf/mcpi_testframework_1_12_00_01/test/temp/mmWave_SDK___awr16xx_sdk01.02.00_Test_Plan___jenkins-675_2018_03_05_17_08_24/xwr16xx_watchdog_mss.xer4f


**************************************************
CIO Log captured for the testcase
**************************************************
********************************************************
Watchdog Unit Test                                      
Please select the type of test to execute:  
1. Watchdog reset test                      
2. Watchdog interrupt CPU test              
3. Watchdog DSP interrupt CPU test          
*******************************************************
> Enter your selection: Debug: Testing watchdog interrupt mode
Debug: Watchdog Driver NMI received
Debug: Watchdog Driver NMI received
Feature: Watchdog testing: Passed
Value read from Global variable (MCPI_Result): 0
Test Failure Signature: 0
Test Log Messages: 
Feature tested: Watchdog testing: Passed


shutting down py4j gw server.


**************************************************
Terminating the debug session and Shutting down gateway.
**************************************************

**************************************************
Test case execution completed
**************************************************

**************************************************
Testcase Result : PASS
**************************************************
s 0x80075e4 
Value updated successfully
binary path = /home/a0216598/ti/mcpi_tf/mcpi_testframework_1_12_00_01/test/temp/mmWave_SDK___awr16xx_sdk01.02.00_Test_Plan___jenkins-675_2018_03_05_17_08_24/xwr16xx_watchdog_mss.xer4f


**************************************************
CIO Log captured for the testcase
**************************************************
********************************************************
Watchdog Unit Test                                      
Please select the type of test to execute:  
1. Watchdog reset test                      
2. Watchdog interrupt CPU test              
3. Watchdog DSP interrupt CPU test          
*******************************************************
> Enter your selection: Debug: Testing watchdog interrupt mode
Debug: Watchdog Driver NMI received
Debug: Watchdog Driver NMI received
Feature: Watchdog testing: Passed
